<?xml version="1.0" encoding="UTF-8"?>
<!-- Generated by org.testng.reporters.JUnitXMLReporter -->
<testsuite ignored="1" hostname="USPUNKIKATKAR1" failures="1" tests="1" name="AllResults" time="30.386" errors="0" timestamp="2024-03-14T04:25:28 IST">
  <testcase classname="com.wa.ModifiedOnline.TestCases.VerifyAllTest" name="getSearchResults" time="0.686">
    <failure type="java.lang.NullPointerException" message="Cannot invoke &amp;quot;org.openqa.selenium.WebElement.getText()&amp;quot; because &amp;quot;element&amp;quot; is null">
      <![CDATA[java.lang.NullPointerException: Cannot invoke "org.openqa.selenium.WebElement.getText()" because "element" is null
at com.wa.ModifiedOnline.BaseClasses.CustomDriver.getText(CustomDriver.java:281)
at com.wa.ModifiedOnline.BaseClasses.CustomDriver.getText(CustomDriver.java:296)
at com.wa.ModifiedOnline.TestClasses.ResultPage.gettingNoResult(ResultPage.java:21)
at com.wa.ModifiedOnline.TestCases.VerifyAllTest.getSearchResults(VerifyAllTest.java:45)
at java.base/java.util.ArrayList.forEach(ArrayList.java:1511)
... Removed 27 stack frames]]>
    </failure>
  </testcase> <!-- getSearchResults -->
  <testcase classname="com.wa.ModifiedOnline.TestCases.VerifyAllTest" name="validLoginTest" time="0.0">
    <ignored/>
  </testcase> <!-- validLoginTest -->
</testsuite> <!-- AllResults -->
