<?xml version="1.0" encoding="UTF-8"?>
<!-- Generated by org.testng.reporters.JUnitXMLReporter -->
<testsuite ignored="1" hostname="LAPTOP-E8M4K11U" failures="1" tests="2" name="LogInOutTest" time="29.181" errors="0" timestamp="2023-01-10T17:41:02 IST">
  <testcase classname="com.wa.ModifiedOnline.TestCases.LogInOutTest" name="validLoginTest" time="2.979"/>
  <testcase classname="com.wa.ModifiedOnline.TestCases.LogInOutTest" name="validLoginTest" time="6.596">
    <failure type="java.lang.AssertionError" message="expected [true] but found [false]">
      <![CDATA[java.lang.AssertionError: expected [true] but found [false]
at com.wa.ModifiedOnline.TestCases.LogInOutTest.validLoginTest(LogInOutTest.java:32)
at java.base/java.util.ArrayList.forEach(ArrayList.java:1511)
... Removed 31 stack frames]]>
    </failure>
  </testcase> <!-- validLoginTest -->
  <testcase classname="com.wa.ModifiedOnline.TestCases.LogInOutTest" name="validLogutTest" time="0.0">
    <ignored/>
  </testcase> <!-- validLogutTest -->
</testsuite> <!-- LogInOutTest -->
