<?xml version="1.0" encoding="UTF-8"?>
<!-- Generated by org.testng.reporters.JUnitXMLReporter -->
<testsuite ignored="1" hostname="USPUNKIKATKAR1" failures="1" tests="1" name="Test" time="36.855" errors="0" timestamp="2024-03-12T01:09:12 IST">
  <testcase classname="com.wa.ModifiedOnline.TestCases.LogoutTest" name="validLoginTest" time="13.294">
    <failure type="java.lang.AssertionError" message="expected [true] but found [false]">
      <![CDATA[java.lang.AssertionError: expected [true] but found [false]
at com.wa.ModifiedOnline.BaseTestCases.CheckPoint.checkFinal(CheckPoint.java:74)
at com.wa.ModifiedOnline.TestCases.LogoutTest.validLoginTest(LogoutTest.java:19)
at java.base/java.util.ArrayList.forEach(ArrayList.java:1511)
... Removed 31 stack frames]]>
    </failure>
  </testcase> <!-- validLoginTest -->
  <testcase classname="com.wa.ModifiedOnline.TestCases.LogoutTest" name="invalidLoginTest" time="0.0">
    <ignored/>
  </testcase> <!-- invalidLoginTest -->
</testsuite> <!-- Test -->
