<?xml version="1.0" encoding="UTF-8"?>
<!-- Generated by org.testng.reporters.JUnitXMLReporter -->
<testsuite ignored="0" hostname="USPUNKIKATKAR1" failures="1" tests="6" name="TestRandom" time="43.956" errors="0" timestamp="2024-03-14T14:02:53 IST">
  <testcase classname="com.wa.ModifiedOnline.TestCases.TestRandom" name="LoginDatadriven" time="2.129"/>
  <testcase classname="com.wa.ModifiedOnline.TestCases.TestRandom" name="LoginDatadriven" time="2.059"/>
  <testcase classname="com.wa.ModifiedOnline.TestCases.TestRandom" name="LoginDatadriven" time="2.039"/>
  <testcase classname="com.wa.ModifiedOnline.TestCases.TestRandom" name="LoginDatadriven" time="6.488">
    <failure type="java.lang.AssertionError" message="expected [true] but found [false]">
      <![CDATA[java.lang.AssertionError: expected [true] but found [false]
at com.wa.ModifiedOnline.TestCases.TestRandom.LoginDatadriven(TestRandom.java:16)
at java.base/java.util.ArrayList.forEach(ArrayList.java:1511)
... Removed 31 stack frames]]>
    </failure>
  </testcase> <!-- LoginDatadriven -->
  <testcase classname="com.wa.ModifiedOnline.TestCases.TestRandom" name="InvalidLoginDatadriven" time="3.453"/>
  <testcase classname="com.wa.ModifiedOnline.TestCases.TestRandom" name="InvalidLoginDatadriven" time="3.438"/>
</testsuite> <!-- TestRandom -->
