<?xml version="1.0" encoding="UTF-8"?>
<!-- Generated by org.testng.reporters.JUnitXMLReporter -->
<testsuite ignored="0" hostname="USPUNKIKATKAR1" failures="2" tests="3" name="TestRandom" time="72.148" errors="0" timestamp="2024-03-13T23:07:45 IST">
  <testcase classname="com.wa.ModifiedOnline.TestCases.TestRandom" name="LoginDatadriven" time="2.107"/>
  <testcase classname="com.wa.ModifiedOnline.TestCases.TestRandom" name="LoginDatadriven" time="6.412">
    <failure type="java.lang.AssertionError" message="expected [true] but found [false]">
      <![CDATA[java.lang.AssertionError: expected [true] but found [false]
at com.wa.ModifiedOnline.TestCases.TestRandom.LoginDatadriven(TestRandom.java:16)
at java.base/java.util.ArrayList.forEach(ArrayList.java:1511)
... Removed 31 stack frames]]>
    </failure>
  </testcase> <!-- LoginDatadriven -->
  <testcase classname="com.wa.ModifiedOnline.TestCases.TestRandom" name="LoginDatadriven" time="6.458">
    <failure type="java.lang.AssertionError" message="expected [true] but found [false]">
      <![CDATA[java.lang.AssertionError: expected [true] but found [false]
at com.wa.ModifiedOnline.TestCases.TestRandom.LoginDatadriven(TestRandom.java:16)
at java.base/java.util.ArrayList.forEach(ArrayList.java:1511)
... Removed 31 stack frames]]>
    </failure>
  </testcase> <!-- LoginDatadriven -->
</testsuite> <!-- TestRandom -->
