<?xml version="1.0" encoding="UTF-8"?>
<!-- Generated by org.testng.reporters.JUnitXMLReporter -->
<testsuite ignored="1" hostname="LAPTOP-E8M4K11U" failures="1" tests="1" name="Test" time="12.062" errors="0" timestamp="2023-01-08T02:36:24 IST">
  <testcase classname="com.wa.ModifiedOnline.TestCases.LogoutTest" name="validLoginTest" time="1.453">
    <failure type="java.lang.AssertionError" message="expected [true] but found [false]">
      <![CDATA[java.lang.AssertionError: expected [true] but found [false]
at com.wa.ModifiedOnline.BaseTestCases.CheckPoint.checkFinal(CheckPoint.java:69)
at com.wa.ModifiedOnline.TestCases.LogoutTest.validLoginTest(LogoutTest.java:19)
at java.base/java.util.ArrayList.forEach(ArrayList.java:1511)
... Removed 31 stack frames]]>
    </failure>
  </testcase> <!-- validLoginTest -->
  <testcase classname="com.wa.ModifiedOnline.TestCases.LogoutTest" name="invalidLoginTest" time="0.0">
    <ignored/>
  </testcase> <!-- invalidLoginTest -->
</testsuite> <!-- Test -->
