<?xml version="1.0" encoding="UTF-8"?>
<testng-results ignored="0" total="1" passed="1" failed="0" skipped="0">
  <reporter-output>
  </reporter-output>
  <suite started-at="2024-03-13T17:54:41 IST" name="Suite" finished-at="2024-03-13T17:55:03 IST" duration-ms="22742">
    <groups>
    </groups>
    <test started-at="2024-03-13T17:54:41 IST" name="SimpleLogin" finished-at="2024-03-13T17:55:03 IST" duration-ms="22742">
      <class name="com.wa.ModifiedOnline.TestCases.SimpleLogin">
        <test-method is-config="true" signature="commonSetup(java.lang.String)[pri:0, instance:com.wa.ModifiedOnline.TestCases.SimpleLogin@344b8190]" started-at="2024-03-13T17:54:41 IST" name="commonSetup" finished-at="2024-03-13T17:55:01 IST" duration-ms="19993" status="PASS">
          <params>
            <param index="0">
              <value>
                <![CDATA[chrome]]>
              </value>
            </param>
          </params>
          <reporter-output>
          </reporter-output>
        </test-method> <!-- commonSetup -->
        <test-method is-config="true" signature="methodSetup()[pri:0, instance:com.wa.ModifiedOnline.TestCases.SimpleLogin@344b8190]" started-at="2024-03-13T17:55:01 IST" name="methodSetup" finished-at="2024-03-13T17:55:01 IST" duration-ms="2" status="PASS">
          <reporter-output>
          </reporter-output>
        </test-method> <!-- methodSetup -->
        <test-method signature="simpleLogin()[pri:0, instance:com.wa.ModifiedOnline.TestCases.SimpleLogin@344b8190]" started-at="2024-03-13T17:55:01 IST" name="simpleLogin" finished-at="2024-03-13T17:55:03 IST" duration-ms="2317" status="PASS">
          <reporter-output>
          </reporter-output>
        </test-method> <!-- simpleLogin -->
        <test-method is-config="true" signature="commonTeardown()[pri:0, instance:com.wa.ModifiedOnline.TestCases.SimpleLogin@344b8190]" started-at="2024-03-13T17:55:03 IST" name="commonTeardown" finished-at="2024-03-13T17:55:03 IST" duration-ms="375" status="PASS">
          <reporter-output>
          </reporter-output>
        </test-method> <!-- commonTeardown -->
      </class> <!-- com.wa.ModifiedOnline.TestCases.SimpleLogin -->
    </test> <!-- SimpleLogin -->
  </suite> <!-- Suite -->
</testng-results>
