<?xml version="1.0" encoding="UTF-8"?>
<testng-results ignored="0" total="6" passed="5" failed="1" skipped="0">
  <reporter-output>
  </reporter-output>
  <suite started-at="2024-03-14T14:02:09 IST" name="Suite" finished-at="2024-03-14T14:02:53 IST" duration-ms="43956">
    <groups>
    </groups>
    <test started-at="2024-03-14T14:02:09 IST" name="TestRandom" finished-at="2024-03-14T14:02:53 IST" duration-ms="43956">
      <class name="com.wa.ModifiedOnline.TestCases.TestRandom">
        <test-method is-config="true" signature="commonSetup(java.lang.String)[pri:0, instance:com.wa.ModifiedOnline.TestCases.TestRandom@d78795]" started-at="2024-03-14T14:02:09 IST" name="commonSetup" finished-at="2024-03-14T14:02:31 IST" duration-ms="21355" status="PASS">
          <params>
            <param index="0">
              <value>
                <![CDATA[chrome]]>
              </value>
            </param>
          </params>
          <reporter-output>
          </reporter-output>
        </test-method> <!-- commonSetup -->
        <test-method is-config="true" signature="methodSetup()[pri:0, instance:com.wa.ModifiedOnline.TestCases.TestRandom@d78795]" started-at="2024-03-14T14:02:33 IST" name="methodSetup" finished-at="2024-03-14T14:02:33 IST" duration-ms="4" status="PASS">
          <reporter-output>
          </reporter-output>
        </test-method> <!-- methodSetup -->
        <test-method signature="LoginDatadriven(java.lang.String,java.lang.String,java.lang.String,java.lang.String,java.lang.String,java.lang.String,java.lang.String)[pri:1, instance:com.wa.ModifiedOnline.TestCases.TestRandom@d78795]" started-at="2024-03-14T14:02:33 IST" name="LoginDatadriven" data-provider="validLogin" finished-at="2024-03-14T14:02:35 IST" duration-ms="2129" status="PASS">
          <params>
            <param index="0">
              <value>
                <![CDATA[1010]]>
              </value>
            </param>
            <param index="1">
              <value>
                <![CDATA[testuser1]]>
              </value>
            </param>
            <param index="2">
              <value>
                <![CDATA[Rohan]]>
              </value>
            </param>
            <param index="3">
              <value>
                <![CDATA[Sharma]]>
              </value>
            </param>
            <param index="4">
              <value>
                <![CDATA[kirankatkar3317@gmail.com]]>
              </value>
            </param>
            <param index="5">
              <value>
                <![CDATA[Kiran@3317]]>
              </value>
            </param>
            <param index="6">
              <value>
                <![CDATA[1234567893]]>
              </value>
            </param>
          </params>
          <reporter-output>
          </reporter-output>
        </test-method> <!-- LoginDatadriven -->
        <test-method signature="LoginDatadriven(java.lang.String,java.lang.String,java.lang.String,java.lang.String,java.lang.String,java.lang.String,java.lang.String)[pri:1, instance:com.wa.ModifiedOnline.TestCases.TestRandom@d78795]" started-at="2024-03-14T14:02:35 IST" name="LoginDatadriven" data-provider="validLogin" finished-at="2024-03-14T14:02:37 IST" duration-ms="2059" status="PASS">
          <params>
            <param index="0">
              <value>
                <![CDATA[1011]]>
              </value>
            </param>
            <param index="1">
              <value>
                <![CDATA[testuser2]]>
              </value>
            </param>
            <param index="2">
              <value>
                <![CDATA[aniket]]>
              </value>
            </param>
            <param index="3">
              <value>
                <![CDATA[varma]]>
              </value>
            </param>
            <param index="4">
              <value>
                <![CDATA[sakiran2230@gmail.com]]>
              </value>
            </param>
            <param index="5">
              <value>
                <![CDATA[Kiran@2230]]>
              </value>
            </param>
            <param index="6">
              <value>
                <![CDATA[21343113134]]>
              </value>
            </param>
          </params>
          <reporter-output>
          </reporter-output>
        </test-method> <!-- LoginDatadriven -->
        <test-method is-config="true" signature="methodSetup()[pri:0, instance:com.wa.ModifiedOnline.TestCases.TestRandom@d78795]" started-at="2024-03-14T14:02:35 IST" name="methodSetup" finished-at="2024-03-14T14:02:35 IST" duration-ms="0" status="PASS">
          <reporter-output>
          </reporter-output>
        </test-method> <!-- methodSetup -->
        <test-method is-config="true" signature="methodSetup()[pri:0, instance:com.wa.ModifiedOnline.TestCases.TestRandom@d78795]" started-at="2024-03-14T14:02:37 IST" name="methodSetup" finished-at="2024-03-14T14:02:37 IST" duration-ms="1" status="PASS">
          <reporter-output>
          </reporter-output>
        </test-method> <!-- methodSetup -->
        <test-method signature="LoginDatadriven(java.lang.String,java.lang.String,java.lang.String,java.lang.String,java.lang.String,java.lang.String,java.lang.String)[pri:1, instance:com.wa.ModifiedOnline.TestCases.TestRandom@d78795]" started-at="2024-03-14T14:02:37 IST" name="LoginDatadriven" data-provider="validLogin" finished-at="2024-03-14T14:02:39 IST" duration-ms="2039" status="PASS">
          <params>
            <param index="0">
              <value>
                <![CDATA[1013]]>
              </value>
            </param>
            <param index="1">
              <value>
                <![CDATA[testuser3]]>
              </value>
            </param>
            <param index="2">
              <value>
                <![CDATA[abhi]]>
              </value>
            </param>
            <param index="3">
              <value>
                <![CDATA[katkar]]>
              </value>
            </param>
            <param index="4">
              <value>
                <![CDATA[kiran.akatkar3317@gmail.com]]>
              </value>
            </param>
            <param index="5">
              <value>
                <![CDATA[Kiran@9103]]>
              </value>
            </param>
            <param index="6">
              <value>
                <![CDATA[1234567893]]>
              </value>
            </param>
          </params>
          <reporter-output>
          </reporter-output>
        </test-method> <!-- LoginDatadriven -->
        <test-method is-config="true" signature="methodSetup()[pri:0, instance:com.wa.ModifiedOnline.TestCases.TestRandom@d78795]" started-at="2024-03-14T14:02:39 IST" name="methodSetup" finished-at="2024-03-14T14:02:39 IST" duration-ms="0" status="PASS">
          <reporter-output>
          </reporter-output>
        </test-method> <!-- methodSetup -->
        <test-method signature="LoginDatadriven(java.lang.String,java.lang.String,java.lang.String,java.lang.String,java.lang.String,java.lang.String,java.lang.String)[pri:1, instance:com.wa.ModifiedOnline.TestCases.TestRandom@d78795]" started-at="2024-03-14T14:02:39 IST" name="LoginDatadriven" data-provider="validLogin" finished-at="2024-03-14T14:02:45 IST" duration-ms="6488" status="FAIL">
          <params>
            <param index="0">
              <value>
                <![CDATA[1014]]>
              </value>
            </param>
            <param index="1">
              <value>
                <![CDATA[testusr]]>
              </value>
            </param>
            <param index="2">
              <value>
                <![CDATA[kiran]]>
              </value>
            </param>
            <param index="3">
              <value>
                <![CDATA[katkar]]>
              </value>
            </param>
            <param index="4">
              <value>
                <![CDATA[kirankatkar3318@gmail.com]]>
              </value>
            </param>
            <param index="5">
              <value>
                <![CDATA[Kiran@3318]]>
              </value>
            </param>
            <param index="6">
              <value>
                <![CDATA[7328832329]]>
              </value>
            </param>
          </params>
          <exception class="java.lang.AssertionError">
            <message>
              <![CDATA[expected [true] but found [false]]]>
            </message>
            <full-stacktrace>
              <![CDATA[java.lang.AssertionError: expected [true] but found [false]
at org.testng.Assert.fail(Assert.java:99)
at org.testng.Assert.failNotEquals(Assert.java:1037)
at org.testng.Assert.assertTrue(Assert.java:45)
at org.testng.Assert.assertTrue(Assert.java:55)
at com.wa.ModifiedOnline.TestCases.TestRandom.LoginDatadriven(TestRandom.java:16)
at java.base/jdk.internal.reflect.NativeMethodAccessorImpl.invoke0(Native Method)
at java.base/jdk.internal.reflect.NativeMethodAccessorImpl.invoke(NativeMethodAccessorImpl.java:77)
at java.base/jdk.internal.reflect.DelegatingMethodAccessorImpl.invoke(DelegatingMethodAccessorImpl.java:43)
at java.base/java.lang.reflect.Method.invoke(Method.java:568)
at org.testng.internal.MethodInvocationHelper.invokeMethod(MethodInvocationHelper.java:133)
at org.testng.internal.TestInvoker.invokeMethod(TestInvoker.java:598)
at org.testng.internal.TestInvoker.invokeTestMethod(TestInvoker.java:173)
at org.testng.internal.MethodRunner.runInSequence(MethodRunner.java:46)
at org.testng.internal.TestInvoker$MethodInvocationAgent.invoke(TestInvoker.java:824)
at org.testng.internal.TestInvoker.invokeTestMethods(TestInvoker.java:146)
at org.testng.internal.TestMethodWorker.invokeTestMethods(TestMethodWorker.java:146)
at org.testng.internal.TestMethodWorker.run(TestMethodWorker.java:128)
at java.base/java.util.ArrayList.forEach(ArrayList.java:1511)
at org.testng.TestRunner.privateRun(TestRunner.java:794)
at org.testng.TestRunner.run(TestRunner.java:596)
at org.testng.SuiteRunner.runTest(SuiteRunner.java:377)
at org.testng.SuiteRunner.runSequentially(SuiteRunner.java:371)
at org.testng.SuiteRunner.privateRun(SuiteRunner.java:332)
at org.testng.SuiteRunner.run(SuiteRunner.java:276)
at org.testng.SuiteRunnerWorker.runSuite(SuiteRunnerWorker.java:53)
at org.testng.SuiteRunnerWorker.run(SuiteRunnerWorker.java:96)
at org.testng.TestNG.runSuitesSequentially(TestNG.java:1212)
at org.testng.TestNG.runSuitesLocally(TestNG.java:1134)
at org.testng.TestNG.runSuites(TestNG.java:1063)
at org.testng.TestNG.run(TestNG.java:1031)
at org.testng.remote.AbstractRemoteTestNG.run(AbstractRemoteTestNG.java:115)
at org.testng.remote.RemoteTestNG.initAndRun(RemoteTestNG.java:251)
at org.testng.remote.RemoteTestNG.main(RemoteTestNG.java:77)
]]>
            </full-stacktrace>
          </exception> <!-- java.lang.AssertionError -->
          <reporter-output>
          </reporter-output>
        </test-method> <!-- LoginDatadriven -->
        <test-method signature="InvalidLoginDatadriven(java.lang.String,java.lang.String,java.lang.String,java.lang.String,java.lang.String,java.lang.String,java.lang.String)[pri:2, instance:com.wa.ModifiedOnline.TestCases.TestRandom@d78795]" started-at="2024-03-14T14:02:46 IST" name="InvalidLoginDatadriven" data-provider="invalidLogin" finished-at="2024-03-14T14:02:49 IST" duration-ms="3453" status="PASS">
          <params>
            <param index="0">
              <value>
                <![CDATA[1020]]>
              </value>
            </param>
            <param index="1">
              <value>
                <![CDATA[testuser2]]>
              </value>
            </param>
            <param index="2">
              <value>
                <![CDATA[Mohan]]>
              </value>
            </param>
            <param index="3">
              <value>
                <![CDATA[Sharma]]>
              </value>
            </param>
            <param index="4">
              <value>
                <![CDATA[kirankatkar3318@gmail.com]]>
              </value>
            </param>
            <param index="5">
              <value>
                <![CDATA[Kiran@3318]]>
              </value>
            </param>
            <param index="6">
              <value>
                <![CDATA[1234567893]]>
              </value>
            </param>
          </params>
          <reporter-output>
          </reporter-output>
        </test-method> <!-- InvalidLoginDatadriven -->
        <test-method is-config="true" signature="methodSetup()[pri:0, instance:com.wa.ModifiedOnline.TestCases.TestRandom@d78795]" started-at="2024-03-14T14:02:46 IST" name="methodSetup" finished-at="2024-03-14T14:02:46 IST" duration-ms="0" status="PASS">
          <reporter-output>
          </reporter-output>
        </test-method> <!-- methodSetup -->
        <test-method is-config="true" signature="methodSetup()[pri:0, instance:com.wa.ModifiedOnline.TestCases.TestRandom@d78795]" started-at="2024-03-14T14:02:49 IST" name="methodSetup" finished-at="2024-03-14T14:02:49 IST" duration-ms="1" status="PASS">
          <reporter-output>
          </reporter-output>
        </test-method> <!-- methodSetup -->
        <test-method signature="InvalidLoginDatadriven(java.lang.String,java.lang.String,java.lang.String,java.lang.String,java.lang.String,java.lang.String,java.lang.String)[pri:2, instance:com.wa.ModifiedOnline.TestCases.TestRandom@d78795]" started-at="2024-03-14T14:02:49 IST" name="InvalidLoginDatadriven" data-provider="invalidLogin" finished-at="2024-03-14T14:02:53 IST" duration-ms="3438" status="PASS">
          <params>
            <param index="0">
              <value>
                <![CDATA[1030]]>
              </value>
            </param>
            <param index="1">
              <value>
                <![CDATA[testuser3]]>
              </value>
            </param>
            <param index="2">
              <value>
                <![CDATA[Sohan]]>
              </value>
            </param>
            <param index="3">
              <value>
                <![CDATA[Sharma]]>
              </value>
            </param>
            <param index="4">
              <value>
                <![CDATA[kirankatkar3318@gmail.com]]>
              </value>
            </param>
            <param index="5">
              <value>
                <![CDATA[Kiran@3318]]>
              </value>
            </param>
            <param index="6">
              <value>
                <![CDATA[1234567893]]>
              </value>
            </param>
          </params>
          <reporter-output>
          </reporter-output>
        </test-method> <!-- InvalidLoginDatadriven -->
        <test-method is-config="true" signature="commonTeardown()[pri:0, instance:com.wa.ModifiedOnline.TestCases.TestRandom@d78795]" started-at="2024-03-14T14:02:53 IST" name="commonTeardown" finished-at="2024-03-14T14:02:53 IST" duration-ms="431" status="PASS">
          <reporter-output>
          </reporter-output>
        </test-method> <!-- commonTeardown -->
      </class> <!-- com.wa.ModifiedOnline.TestCases.TestRandom -->
    </test> <!-- TestRandom -->
  </suite> <!-- Suite -->
</testng-results>
