<?xml version="1.0" encoding="UTF-8"?>
<!-- Generated by org.testng.reporters.JUnitReportReporter -->
<testsuite hostname="USPUNKIKATKAR1" failures="0" tests="1" name="Cucumber.TestRunner" time="29.542" errors="1" timestamp="2024-03-07T03:22:18 IST" skipped="0">
  <testcase classname="Cucumber.TestRunner" name="runScenario" time="29.542">
    <error message="Cannot invoke &quot;com.wa.ModifiedOnline.TestClasses.LoginPage.login(String, String)&quot; because &quot;this.loginPage&quot; is null" type="java.lang.NullPointerException">
      <![CDATA[java.lang.NullPointerException: Cannot invoke "com.wa.ModifiedOnline.TestClasses.LoginPage.login(String, String)" because "this.loginPage" is null
at Cucumber.StepDefinition.StepDefinitionLogin.login_using_username_something_and_password_something(StepDefinitionLogin.java:43)
at ✽.login using username kirankatkar3317@gmail.com and password Kiran@3317(file:///C:/Users/kikatkar/girrepo/git-sample-repo/testng_Realtime/src/test/java/Cucumber/Login1.feature:9)
]]>
    </error>
  </testcase> <!-- runScenario -->
  <system-out/>
</testsuite> <!-- Cucumber.TestRunner -->
